e:\university\year 3\block 2\graded unit\final engine - game demo\final engine\debug\vc141.pdb
e:\university\year 3\block 2\graded unit\final engine - game demo\final engine\debug\vc141.idb
e:\university\year 3\block 2\graded unit\final engine - game demo\final engine\debug\loadtexture.obj
e:\university\year 3\block 2\graded unit\final engine - game demo\final engine\debug\level_5_update.obj
e:\university\year 3\block 2\graded unit\final engine - game demo\final engine\debug\level_5_display.obj
e:\university\year 3\block 2\graded unit\final engine - game demo\final engine\debug\level_5.obj
e:\university\year 3\block 2\graded unit\final engine - game demo\final engine\debug\level_4_update.obj
e:\university\year 3\block 2\graded unit\final engine - game demo\final engine\debug\level_4_display.obj
e:\university\year 3\block 2\graded unit\final engine - game demo\final engine\debug\level_4.obj
e:\university\year 3\block 2\graded unit\final engine - game demo\final engine\debug\level_3_update.obj
e:\university\year 3\block 2\graded unit\final engine - game demo\final engine\debug\level_3_display.obj
e:\university\year 3\block 2\graded unit\final engine - game demo\final engine\debug\level_3.obj
e:\university\year 3\block 2\graded unit\final engine - game demo\final engine\debug\level_2_update.obj
e:\university\year 3\block 2\graded unit\final engine - game demo\final engine\debug\level_2_display.obj
e:\university\year 3\block 2\graded unit\final engine - game demo\final engine\debug\level_2.obj
e:\university\year 3\block 2\graded unit\final engine - game demo\final engine\debug\level_1_update.obj
e:\university\year 3\block 2\graded unit\final engine - game demo\final engine\debug\level_1_display.obj
e:\university\year 3\block 2\graded unit\final engine - game demo\final engine\debug\level_1.obj
e:\university\year 3\block 2\graded unit\final engine - game demo\final engine\debug\enemy.obj
e:\university\year 3\block 2\graded unit\final engine - game demo\final engine\debug\collision.obj
e:\university\year 3\block 2\graded unit\final engine - game demo\final engine\debug\collectable.obj
e:\university\year 3\block 2\graded unit\final engine - game demo\final engine\debug\camera.obj
e:\university\year 3\block 2\graded unit\final engine - game demo\final engine\debug\window.obj
e:\university\year 3\block 2\graded unit\final engine - game demo\final engine\debug\rt3dobjloader.obj
e:\university\year 3\block 2\graded unit\final engine - game demo\final engine\debug\rt3d.obj
e:\university\year 3\block 2\graded unit\final engine - game demo\final engine\debug\playsound.obj
e:\university\year 3\block 2\graded unit\final engine - game demo\final engine\debug\player.obj
e:\university\year 3\block 2\graded unit\final engine - game demo\final engine\debug\platform.obj
e:\university\year 3\block 2\graded unit\final engine - game demo\final engine\debug\move.obj
e:\university\year 3\block 2\graded unit\final engine - game demo\final engine\debug\main.obj
e:\university\year 3\block 2\graded unit\final engine - game demo\final engine\debug\openingwindow.obj
e:\university\year 3\block 2\graded unit\final engine - game demo\final engine\debug\box.obj
e:\university\year 3\block 2\graded unit\final engine - game demo\final engine\debug\endpoint.obj
e:\university\year 3\block 2\graded unit\final engine - game demo\final engine\debug\vcpkg.applocal.log
e:\university\year 3\block 2\graded unit\final engine - game demo\debug\glew32d.dll
e:\university\year 3\block 2\graded unit\final engine - game demo\debug\sdl2_image.dll
e:\university\year 3\block 2\graded unit\final engine - game demo\debug\sdl2d.dll
e:\university\year 3\block 2\graded unit\final engine - game demo\debug\libpng16d.dll
e:\university\year 3\block 2\graded unit\final engine - game demo\debug\zlibd1.dll
e:\university\year 3\block 2\graded unit\final engine - game demo\debug\sdl2_ttf.dll
e:\university\year 3\block 2\graded unit\final engine - game demo\debug\freetyped.dll
e:\university\year 3\block 2\graded unit\final engine - game demo\debug\bz2d.dll
e:\university\year 3\block 2\graded unit\final engine - game demo\debug\final engine.exe
e:\university\year 3\block 2\graded unit\final engine - game demo\debug\final engine.ilk
e:\university\year 3\block 2\graded unit\final engine - game demo\debug\final engine.pdb
e:\university\year 3\block 2\graded unit\final engine - game demo\final engine\debug\collectable.obj.enc
e:\university\year 3\block 2\graded unit\final engine - game demo\final engine\debug\level_1.obj.enc
e:\university\year 3\block 2\graded unit\final engine - game demo\final engine\debug\loadtexture.obj.enc
e:\university\year 3\block 2\graded unit\final engine - game demo\final engine\debug\main.obj.enc
e:\university\year 3\block 2\graded unit\final engine - game demo\final engine\debug\openingwindow.obj.enc
e:\university\year 3\block 2\graded unit\final engine - game demo\final engine\debug\final engine.tlog\cl.command.1.tlog
e:\university\year 3\block 2\graded unit\final engine - game demo\final engine\debug\final engine.tlog\cl.read.1.tlog
e:\university\year 3\block 2\graded unit\final engine - game demo\final engine\debug\final engine.tlog\cl.write.1.tlog
e:\university\year 3\block 2\graded unit\final engine - game demo\final engine\debug\final engine.tlog\final engine.write.1u.tlog
e:\university\year 3\block 2\graded unit\final engine - game demo\final engine\debug\final engine.tlog\link.command.1.tlog
e:\university\year 3\block 2\graded unit\final engine - game demo\final engine\debug\final engine.tlog\link.read.1.tlog
e:\university\year 3\block 2\graded unit\final engine - game demo\final engine\debug\final engine.tlog\link.write.1.tlog
